This is e-upTeX, Version 3.141592653-p3.9.0-u1.27-210218-2.6 (utf8.uptex) (TeX Live 2021) (preloaded format=uplatex 2022.1.18)  18 JAN 2022 17:58
entering extended mode
 restricted \write18 enabled.
 file:line:error style messages enabled.
 %&-line parsing enabled.
**template.tex
(/Users/hiroshin/self_study/latex/template.tex
pLaTeX2e <2020-10-01u04>+2 (based on LaTeX2e <2020-10-01> patch level 4)
L3 programming layer <2021-02-18> (/usr/local/texlive/2021/texmf-dist/tex/plate
x/base/jarticle.cls
Document Class: jarticle 2020/09/30 v1.8f Standard pLaTeX class
\c@@paper=\count178
(/usr/local/texlive/2021/texmf-dist/tex/platex/base/jsize11.clo
File: jsize11.clo 2020/09/30 v1.8f Standard pLaTeX file (size option)
LaTeX Font Info:    Font shape `JT2/mc/m/n' will be
(Font)              scaled to size 10.53629pt on input line 27.
LaTeX Font Info:    Font shape `JY2/mc/m/n' will be
(Font)              scaled to size 10.53629pt on input line 27.
)
\c@part=\count179
\c@section=\count180
\c@subsection=\count181
\c@subsubsection=\count182
\c@paragraph=\count183
\c@subparagraph=\count184
\c@figure=\count185
\c@table=\count186
\abovecaptionskip=\skip47
\belowcaptionskip=\skip48

/usr/local/texlive/2021/texmf-dist/tex/platex/base/jarticle.cls:613: LaTeX Erro
r: Encoding scheme `JY1' unknown.

See the LaTeX manual or LaTeX Companion for explanation.
Type  H <return>  for immediate help.
 ...                                              
                                                  
l.613 ...\DeclareSymbolFont{mincho}{JY1}{mc}{m}{n}
                                                  
Your command was ignored.
Type  I <command> <return>  to replace it with another command,
or  <return>  to continue without it.


/usr/local/texlive/2021/texmf-dist/tex/platex/base/jarticle.cls:614: LaTeX Erro
r: Unknown symbol font `mincho'.

See the LaTeX manual or LaTeX Companion for explanation.
Type  H <return>  for immediate help.
 ...                                              
                                                  
l.614 ...eclareSymbolFontAlphabet{\mathmc}{mincho}
                                                  
Your command was ignored.
Type  I <command> <return>  to replace it with another command,
or  <return>  to continue without it.


/usr/local/texlive/2021/texmf-dist/tex/platex/base/jarticle.cls:615: LaTeX Erro
r: Encoding scheme `JY1' unknown.

See the LaTeX manual or LaTeX Companion for explanation.
Type  H <return>  for immediate help.
 ...                                              
                                                  
l.615 ...etSymbolFont{mincho}{bold}{JY1}{gt}{m}{n}
                                                  
Your command was ignored.
Type  I <command> <return>  to replace it with another command,
or  <return>  to continue without it.

/usr/local/texlive/2021/texmf-dist/tex/platex/base/jarticle.cls:616: Missing nu
mber, treated as zero.
<to be read again> 
                   \symmincho 
l.616     \jfam\symmincho
                         
A number should have been here; I inserted `0'.
(If you can't figure out why I needed to see a number,
look up `weird error' in the index to The TeXbook.)


/usr/local/texlive/2021/texmf-dist/tex/platex/base/jarticle.cls:617: LaTeX Erro
r: Encoding scheme `JY1' unknown.

See the LaTeX manual or LaTeX Companion for explanation.
Type  H <return>  for immediate help.
 ...                                              
                                                  
l.617 ...clareMathAlphabet{\mathgt}{JY1}{gt}{m}{n}
                                                  
Your command was ignored.
Type  I <command> <return>  to replace it with another command,
or  <return>  to continue without it.

\toclineskip=\dimen154
\@lnumwidth=\dimen155
\bibindent=\dimen156
\heisei=\count187
)
/Users/hiroshin/self_study/latex/template.tex:3: Undefined control sequence.
l.3 \topmargine
               {}
The control sequence at the end of the top line
of your error message was never \def'ed. If you have
misspelled it (e.g., `\hobx'), type `I' and the correct
spelling (e.g., `I\hbox'). Otherwise just continue,
and I'll forget about whatever was undefined.

(/usr/local/texlive/2021/texmf-dist/tex/latex/l3backend/l3backend-dvips.def
File: l3backend-dvips.def 2021-03-18 L3 backend support: dvips
\l__pdf_internal_box=\box64
\g__pdf_backend_object_int=\count188
\l__pdf_backend_content_box=\box65
\l__pdf_backend_model_box=\box66
\g__pdf_backend_annotation_int=\count189
\g__pdf_backend_link_int=\count190
\g__pdf_backend_link_sf_int=\count191
)

LaTeX Warning: Unused global option(s):
    [uplatex].

(/Users/hiroshin/self_study/latex/template.aux)
\openout1 = `template.aux'.

LaTeX Font Info:    Checking defaults for OML/cmm/m/it on input line 8.
LaTeX Font Info:    ... okay on input line 8.
LaTeX Font Info:    Checking defaults for OMS/cmsy/m/n on input line 8.
LaTeX Font Info:    ... okay on input line 8.
LaTeX Font Info:    Checking defaults for OT1/cmr/m/n on input line 8.
LaTeX Font Info:    ... okay on input line 8.
LaTeX Font Info:    Checking defaults for T1/cmr/m/n on input line 8.
LaTeX Font Info:    ... okay on input line 8.
LaTeX Font Info:    Checking defaults for TS1/cmr/m/n on input line 8.
LaTeX Font Info:    ... okay on input line 8.
LaTeX Font Info:    Checking defaults for OMX/cmex/m/n on input line 8.
LaTeX Font Info:    ... okay on input line 8.
LaTeX Font Info:    Checking defaults for U/cmr/m/n on input line 8.
LaTeX Font Info:    ... okay on input line 8.
LaTeX Font Info:    Checking defaults for JY2/mc/m/n on input line 8.
LaTeX Font Info:    ... okay on input line 8.
LaTeX Font Info:    Checking defaults for JT2/mc/m/n on input line 8.
LaTeX Font Info:    ... okay on input line 8.
LaTeX Font Info:    Font shape `JT2/mc/m/n' will be
(Font)              scaled to size 16.62714pt on input line 9.
LaTeX Font Info:    Font shape `JY2/mc/m/n' will be
(Font)              scaled to size 16.62714pt on input line 9.
LaTeX Font Info:    Font shape `JT2/mc/m/n' will be
(Font)              scaled to size 11.54663pt on input line 9.
LaTeX Font Info:    Font shape `JY2/mc/m/n' will be
(Font)              scaled to size 11.54663pt on input line 9.
LaTeX Font Info:    External font `cmex10' loaded for size
(Font)              <12> on input line 9.
LaTeX Font Info:    External font `cmex10' loaded for size
(Font)              <8> on input line 9.
LaTeX Font Info:    External font `cmex10' loaded for size
(Font)              <6> on input line 9.
LaTeX Font Info:    Font shape `JT2/mc/m/n' will be
(Font)              scaled to size 13.85594pt on input line 12.
LaTeX Font Info:    Font shape `JY2/mc/m/n' will be
(Font)              scaled to size 13.85594pt on input line 12.
LaTeX Font Info:    Font shape `JT2/mc/bx/n' in size <14.4> not available
(Font)              Font shape `JT2/gt/m/n' tried instead on input line 12.
LaTeX Font Info:    Font shape `JT2/gt/m/n' will be
(Font)              scaled to size 13.85594pt on input line 12.
LaTeX Font Info:    Font shape `JY2/mc/bx/n' in size <14.4> not available
(Font)              Font shape `JY2/gt/m/n' tried instead on input line 12.
LaTeX Font Info:    Font shape `JY2/gt/m/n' will be
(Font)              scaled to size 13.85594pt on input line 12.

LaTeX Warning: Empty `thebibliography' environment on input line 14.

[1

] (/Users/hiroshin/self_study/latex/template.aux) ) 
Here is how much of TeX's memory you used:
 478 strings out of 479460
 8321 string characters out of 5870464
 300581 words of memory out of 5000000
 18247 multiletter control sequences out of 15000+600000
 411159 words of font info for 66 fonts, out of 8000000 for 9000
 929 hyphenation exceptions out of 8191
 44i,4n,50p,152b,221s stack positions out of 5000i,500n,10000p,200000b,80000s

Output written on template.dvi (1 page, 308 bytes).
